#
# There is insufficient memory for the Java Runtime Environment to continue.
# Native memory allocation (malloc) failed to allocate 32744 bytes for ChunkPool::allocate
# Possible reasons:
#   The system is out of physical RAM or swap space
#   The process is running with CompressedOops enabled, and the Java Heap may be blocking the growth of the native heap
# Possible solutions:
#   Reduce memory load on the system
#   Increase physical memory or swap space
#   Check if swap backing store is full
#   Decrease Java heap size (-Xmx/-Xms)
#   Decrease number of Java threads
#   Decrease Java thread stack sizes (-Xss)
#   Set larger code cache with -XX:ReservedCodeCacheSize=
#   JVM is running with Zero Based Compressed Oops mode in which the Java heap is
#     placed in the first 32GB address space. The Java Heap base address is the
#     maximum limit for the native heap growth. Please use -XX:HeapBaseMinAddress
#     to set the Java Heap base and to place the Java Heap above 32GB virtual address.
# This output file may be truncated or incomplete.
#
#  Out of Memory Error (./open/src/hotspot/share/memory/arena.cpp:81), pid=13864, tid=11352
#
# JRE version: Java(TM) SE Runtime Environment 18.9 (11.0.7+8) (build 11.0.7+8-LTS)
# Java VM: Java HotSpot(TM) 64-Bit Server VM 18.9 (11.0.7+8-LTS, mixed mode, tiered, compressed oops, g1 gc, windows-amd64)
# No core dump will be written. Minidumps are not enabled by default on client versions of Windows
#

---------------  S U M M A R Y ------------

Command Line: -XX:TieredStopAtLevel=1 -Xverify:none -Dspring.output.ansi.enabled=always -javaagent:C:\Program Files\JetBrains\IntelliJ IDEA 2021.1\lib\idea_rt.jar=62565:C:\Program Files\JetBrains\IntelliJ IDEA 2021.1\bin -Dcom.sun.management.jmxremote -Dspring.jmx.enabled=true -Dspring.liveBeansView.mbeanDomain -Dspring.application.admin.enabled=true -Dfile.encoding=UTF-8 icu.junyao.eduUserCenter.UcenterApplication

Host: Intel(R) Core(TM) i7-8750H CPU @ 2.20GHz, 12 cores, 15G,  Windows 10 , 64 bit Build 19041 (10.0.19041.1023)
Time: Sun Aug  8 01:14:19 2021 中国标准时间 elapsed time: 7 seconds (0d 0h 0m 7s)

---------------  T H R E A D  ---------------

Current thread (0x000001e798fff000):  JavaThread "C1 CompilerThread0" daemon [_thread_in_native, id=11352, stack(0x000000d427300000,0x000000d427400000)]


Current CompileTask:
C1:   7978 4734   !   1       com.sun.org.apache.xerces.internal.impl.XMLDocumentFragmentScannerImpl$FragmentContentDriver::next (2329 bytes)

Stack: [0x000000d427300000,0x000000d427400000]
Native frames: (J=compiled Java code, j=interpreted, Vv=VM code, C=native code)
V  [jvm.dll+0x661a7a]
V  [jvm.dll+0x7a1b2f]
V  [jvm.dll+0x7a31d5]
V  [jvm.dll+0x7a3843]
V  [jvm.dll+0x25f1a8]
V  [jvm.dll+0xc266b]
V  [jvm.dll+0xc29cc]
V  [jvm.dll+0x114ebc]
V  [jvm.dll+0x178806]
V  [jvm.dll+0x179583]
V  [jvm.dll+0x12cd0f]
V  [jvm.dll+0x12c519]
V  [jvm.dll+0x12c74f]
V  [jvm.dll+0x12b8c7]
V  [jvm.dll+0x12d967]
V  [jvm.dll+0x226c74]
V  [jvm.dll+0x224e98]
V  [jvm.dll+0x765e25]
V  [jvm.dll+0x75e875]
V  [jvm.dll+0x660b26]
C  [ucrtbase.dll+0x21bb2]
C  [KERNEL32.DLL+0x17034]
C  [ntdll.dll+0x52651]


---------------  P R O C E S S  ---------------

Threads class SMR info:
_java_thread_list=0x000001e79a362f10, length=19, elements={
0x000001e7f47ab000, 0x000001e7ff673000, 0x000001e798f86000, 0x000001e798ffb800,
0x000001e798ffc800, 0x000001e798fff000, 0x000001e799007000, 0x000001e7991b4000,
0x000001e799933000, 0x000001e799933800, 0x000001e799a99800, 0x000001e79a695800,
0x000001e79a6be000, 0x000001e79c6da800, 0x000001e799982800, 0x000001e799970800,
0x000001e799971800, 0x000001e79b1b4000, 0x000001e79b1b3000
}

Java Threads: ( => current thread )
  0x000001e7f47ab000 JavaThread "main" [_thread_in_Java, id=26604, stack(0x000000d426800000,0x000000d426900000)]
  0x000001e7ff673000 JavaThread "Reference Handler" daemon [_thread_blocked, id=6300, stack(0x000000d426f00000,0x000000d427000000)]
  0x000001e798f86000 JavaThread "Finalizer" daemon [_thread_blocked, id=14808, stack(0x000000d427000000,0x000000d427100000)]
  0x000001e798ffb800 JavaThread "Signal Dispatcher" daemon [_thread_blocked, id=25692, stack(0x000000d427100000,0x000000d427200000)]
  0x000001e798ffc800 JavaThread "Attach Listener" daemon [_thread_blocked, id=18220, stack(0x000000d427200000,0x000000d427300000)]
=>0x000001e798fff000 JavaThread "C1 CompilerThread0" daemon [_thread_in_native, id=11352, stack(0x000000d427300000,0x000000d427400000)]
  0x000001e799007000 JavaThread "Sweeper thread" daemon [_thread_blocked, id=9300, stack(0x000000d427400000,0x000000d427500000)]
  0x000001e7991b4000 JavaThread "Common-Cleaner" daemon [_thread_blocked, id=21356, stack(0x000000d427500000,0x000000d427600000)]
  0x000001e799933000 JavaThread "Monitor Ctrl-Break" daemon [_thread_in_native, id=23276, stack(0x000000d427600000,0x000000d427700000)]
  0x000001e799933800 JavaThread "Service Thread" daemon [_thread_blocked, id=10372, stack(0x000000d427700000,0x000000d427800000)]
  0x000001e799a99800 JavaThread "RMI TCP Accept-0" daemon [_thread_in_native, id=17692, stack(0x000000d427800000,0x000000d427900000)]
  0x000001e79a695800 JavaThread "RMI TCP Connection(2)-192.168.33.1" daemon [_thread_in_native, id=22312, stack(0x000000d427f00000,0x000000d428000000)]
  0x000001e79a6be000 JavaThread "RMI Scheduler(0)" daemon [_thread_blocked, id=26796, stack(0x000000d428000000,0x000000d428100000)]
  0x000001e79c6da800 JavaThread "RMI TCP Connection(3)-192.168.33.1" daemon [_thread_in_native, id=23576, stack(0x000000d428100000,0x000000d428200000)]
  0x000001e799982800 JavaThread "Catalina-utility-1" [_thread_blocked, id=21272, stack(0x000000d428400000,0x000000d428500000)]
  0x000001e799970800 JavaThread "Catalina-utility-2" [_thread_blocked, id=14676, stack(0x000000d428500000,0x000000d428600000)]
  0x000001e799971800 JavaThread "container-0" [_thread_blocked, id=22316, stack(0x000000d428600000,0x000000d428700000)]
  0x000001e79b1b4000 JavaThread "commons-pool-evictor" daemon [_thread_blocked, id=21308, stack(0x000000d428700000,0x000000d428800000)]
  0x000001e79b1b3000 JavaThread "mysql-cj-abandoned-connection-cleanup" daemon [_thread_blocked, id=26292, stack(0x000000d428800000,0x000000d428900000)]

Other Threads:
  0x000001e7ff66d000 VMThread "VM Thread" [stack: 0x000000d426e00000,0x000000d426f00000] [id=26404]
  0x000001e799a7e800 WatcherThread [stack: 0x000000d427900000,0x000000d427a00000] [id=26788]
  0x000001e7f47c4000 GCTaskThread "GC Thread#0" [stack: 0x000000d426900000,0x000000d426a00000] [id=28304]
  0x000001e79a52b000 GCTaskThread "GC Thread#1" [stack: 0x000000d427a00000,0x000000d427b00000] [id=26928]
  0x000001e799a81000 GCTaskThread "GC Thread#2" [stack: 0x000000d427b00000,0x000000d427c00000] [id=16504]
  0x000001e799a82000 GCTaskThread "GC Thread#3" [stack: 0x000000d427c00000,0x000000d427d00000] [id=13204]
  0x000001e79a52f800 GCTaskThread "GC Thread#4" [stack: 0x000000d427d00000,0x000000d427e00000] [id=11212]
  0x000001e79a534800 GCTaskThread "GC Thread#5" [stack: 0x000000d427e00000,0x000000d427f00000] [id=22120]
  0x000001e79b107000 GCTaskThread "GC Thread#6" [stack: 0x000000d428900000,0x000000d428a00000] [id=27964]
  0x000001e79b108000 GCTaskThread "GC Thread#7" [stack: 0x000000d428a00000,0x000000d428b00000] [id=25892]
  0x000001e7f481e800 ConcurrentGCThread "G1 Main Marker" [stack: 0x000000d426a00000,0x000000d426b00000] [id=26844]
  0x000001e7f4820000 ConcurrentGCThread "G1 Conc#0" [stack: 0x000000d426b00000,0x000000d426c00000] [id=22576]
  0x000001e79a8e8800 ConcurrentGCThread "G1 Conc#1" [stack: 0x000000d428200000,0x000000d428300000] [id=20848]
  0x000001e79a880800 ConcurrentGCThread "G1 Conc#2" [stack: 0x000000d428300000,0x000000d428400000] [id=27312]
  0x000001e7ff55a000 ConcurrentGCThread "G1 Refine#0" [stack: 0x000000d426c00000,0x000000d426d00000] [id=27968]
  0x000001e7ff55b000 ConcurrentGCThread "G1 Young RemSet Sampling" [stack: 0x000000d426d00000,0x000000d426e00000] [id=14196]

Threads with active compile tasks:
C1 CompilerThread04734   !   1       com.sun.org.apache.xerces.internal.impl.XMLDocumentFragmentScannerImpl$FragmentContentDriver::next (2329 bytes)

VM state:not at safepoint (normal execution)

VM Mutex/Monitor currently owned by a thread: None

Heap address: 0x0000000702600000, size: 4058 MB, Compressed Oops mode: Zero based, Oop shift amount: 3
Narrow klass base: 0x0000000800000000, Narrow klass shift: 0
Compressed class space size: 1073741824 Address: 0x0000000800000000

Heap:
 garbage-first heap   total 260096K, used 33352K [0x0000000702600000, 0x0000000800000000)
  region size 1024K, 21 young (21504K), 13 survivors (13312K)
 Metaspace       used 47823K, capacity 49370K, committed 49616K, reserved 1091584K
  class space    used 6063K, capacity 6681K, committed 6688K, reserved 1048576K
Heap Regions: E=young(eden), S=young(survivor), O=old, HS=humongous(starts), HC=humongous(continues), CS=collection set, F=free, A=archive, TAMS=top-at-mark-start (previous, next)
|   0|0x0000000702600000, 0x0000000702700000, 0x0000000702700000|100%| O|  |TAMS 0x0000000702700000, 0x0000000702600000| Untracked 
|   1|0x0000000702700000, 0x0000000702800000, 0x0000000702800000|100%|HS|  |TAMS 0x0000000702800000, 0x0000000702700000| Complete 
|   2|0x0000000702800000, 0x0000000702900000, 0x0000000702900000|100%| O|  |TAMS 0x0000000702900000, 0x0000000702800000| Untracked 
|   3|0x0000000702900000, 0x0000000702a00000, 0x0000000702a00000|100%| O|  |TAMS 0x0000000702a00000, 0x0000000702900000| Untracked 
|   4|0x0000000702a00000, 0x0000000702b00000, 0x0000000702b00000|100%| O|  |TAMS 0x0000000702b00000, 0x0000000702a00000| Untracked 
|   5|0x0000000702b00000, 0x0000000702c00000, 0x0000000702c00000|100%| O|  |TAMS 0x0000000702c00000, 0x0000000702b00000| Untracked 
|   6|0x0000000702c00000, 0x0000000702d00000, 0x0000000702d00000|100%| O|  |TAMS 0x0000000702d00000, 0x0000000702c00000| Untracked 
|   7|0x0000000702d00000, 0x0000000702e00000, 0x0000000702e00000|100%| O|  |TAMS 0x0000000702e00000, 0x0000000702d00000| Untracked 
|   8|0x0000000702e00000, 0x0000000702f00000, 0x0000000702f00000|100%| O|  |TAMS 0x0000000702f00000, 0x0000000702e00000| Untracked 
|   9|0x0000000702f00000, 0x0000000703000000, 0x0000000703000000|100%| O|  |TAMS 0x0000000703000000, 0x0000000702f00000| Untracked 
|  10|0x0000000703000000, 0x0000000703100000, 0x0000000703100000|100%| O|  |TAMS 0x0000000703100000, 0x0000000703000000| Untracked 
|  11|0x0000000703100000, 0x0000000703200000, 0x0000000703200000|100%| O|  |TAMS 0x0000000703200000, 0x0000000703100000| Untracked 
|  12|0x0000000703200000, 0x0000000703300000, 0x0000000703300000|100%| O|  |TAMS 0x0000000703300000, 0x0000000703200000| Untracked 
|  13|0x0000000703300000, 0x000000070336c800, 0x0000000703400000| 42%| O|  |TAMS 0x000000070336c800, 0x0000000703300000| Untracked 
|  14|0x0000000703400000, 0x0000000703400000, 0x0000000703500000|  0%| F|  |TAMS 0x0000000703400000, 0x0000000703400000| Untracked 
|  15|0x0000000703500000, 0x0000000703500000, 0x0000000703600000|  0%| F|  |TAMS 0x0000000703500000, 0x0000000703500000| Untracked 
|  16|0x0000000703600000, 0x0000000703600000, 0x0000000703700000|  0%| F|  |TAMS 0x0000000703600000, 0x0000000703600000| Untracked 
|  17|0x0000000703700000, 0x0000000703700000, 0x0000000703800000|  0%| F|  |TAMS 0x0000000703700000, 0x0000000703700000| Untracked 
|  18|0x0000000703800000, 0x0000000703800000, 0x0000000703900000|  0%| F|  |TAMS 0x0000000703800000, 0x0000000703800000| Untracked 
|  19|0x0000000703900000, 0x0000000703900000, 0x0000000703a00000|  0%| F|  |TAMS 0x0000000703900000, 0x0000000703900000| Untracked 
|  20|0x0000000703a00000, 0x0000000703a00000, 0x0000000703b00000|  0%| F|  |TAMS 0x0000000703a00000, 0x0000000703a00000| Untracked 
|  21|0x0000000703b00000, 0x0000000703b00000, 0x0000000703c00000|  0%| F|  |TAMS 0x0000000703b00000, 0x0000000703b00000| Untracked 
|  22|0x0000000703c00000, 0x0000000703c00000, 0x0000000703d00000|  0%| F|  |TAMS 0x0000000703c00000, 0x0000000703c00000| Untracked 
|  23|0x0000000703d00000, 0x0000000703d00000, 0x0000000703e00000|  0%| F|  |TAMS 0x0000000703d00000, 0x0000000703d00000| Untracked 
|  24|0x0000000703e00000, 0x0000000703e00000, 0x0000000703f00000|  0%| F|  |TAMS 0x0000000703e00000, 0x0000000703e00000| Untracked 
|  25|0x0000000703f00000, 0x0000000703f00000, 0x0000000704000000|  0%| F|  |TAMS 0x0000000703f00000, 0x0000000703f00000| Untracked 
|  26|0x0000000704000000, 0x0000000704000000, 0x0000000704100000|  0%| F|  |TAMS 0x0000000704000000, 0x0000000704000000| Untracked 
|  27|0x0000000704100000, 0x0000000704100000, 0x0000000704200000|  0%| F|  |TAMS 0x0000000704100000, 0x0000000704100000| Untracked 
|  28|0x0000000704200000, 0x0000000704200000, 0x0000000704300000|  0%| F|  |TAMS 0x0000000704200000, 0x0000000704200000| Untracked 
|  29|0x0000000704300000, 0x0000000704300000, 0x0000000704400000|  0%| F|  |TAMS 0x0000000704300000, 0x0000000704300000| Untracked 
|  30|0x0000000704400000, 0x0000000704400000, 0x0000000704500000|  0%| F|  |TAMS 0x0000000704400000, 0x0000000704400000| Untracked 
|  31|0x0000000704500000, 0x0000000704500000, 0x0000000704600000|  0%| F|  |TAMS 0x0000000704500000, 0x0000000704500000| Untracked 
|  32|0x0000000704600000, 0x0000000704600000, 0x0000000704700000|  0%| F|  |TAMS 0x0000000704600000, 0x0000000704600000| Untracked 
|  33|0x0000000704700000, 0x0000000704700000, 0x0000000704800000|  0%| F|  |TAMS 0x0000000704700000, 0x0000000704700000| Untracked 
|  34|0x0000000704800000, 0x0000000704800000, 0x0000000704900000|  0%| F|  |TAMS 0x0000000704800000, 0x0000000704800000| Untracked 
|  35|0x0000000704900000, 0x0000000704900000, 0x0000000704a00000|  0%| F|  |TAMS 0x0000000704900000, 0x0000000704900000| Untracked 
|  36|0x0000000704a00000, 0x0000000704a00000, 0x0000000704b00000|  0%| F|  |TAMS 0x0000000704a00000, 0x0000000704a00000| Untracked 
|  37|0x0000000704b00000, 0x0000000704b00000, 0x0000000704c00000|  0%| F|  |TAMS 0x0000000704b00000, 0x0000000704b00000| Untracked 
|  38|0x0000000704c00000, 0x0000000704c00000, 0x0000000704d00000|  0%| F|  |TAMS 0x0000000704c00000, 0x0000000704c00000| Untracked 
|  39|0x0000000704d00000, 0x0000000704d00000, 0x0000000704e00000|  0%| F|  |TAMS 0x0000000704d00000, 0x0000000704d00000| Untracked 
|  40|0x0000000704e00000, 0x0000000704e00000, 0x0000000704f00000|  0%| F|  |TAMS 0x0000000704e00000, 0x0000000704e00000| Untracked 
|  41|0x0000000704f00000, 0x0000000704f00000, 0x0000000705000000|  0%| F|  |TAMS 0x0000000704f00000, 0x0000000704f00000| Untracked 
|  42|0x0000000705000000, 0x0000000705000000, 0x0000000705100000|  0%| F|  |TAMS 0x0000000705000000, 0x0000000705000000| Untracked 
|  43|0x0000000705100000, 0x0000000705100000, 0x0000000705200000|  0%| F|  |TAMS 0x0000000705100000, 0x0000000705100000| Untracked 
|  44|0x0000000705200000, 0x0000000705200000, 0x0000000705300000|  0%| F|  |TAMS 0x0000000705200000, 0x0000000705200000| Untracked 
|  45|0x0000000705300000, 0x0000000705300000, 0x0000000705400000|  0%| F|  |TAMS 0x0000000705300000, 0x0000000705300000| Untracked 
|  46|0x0000000705400000, 0x0000000705400000, 0x0000000705500000|  0%| F|  |TAMS 0x0000000705400000, 0x0000000705400000| Untracked 
|  47|0x0000000705500000, 0x0000000705500000, 0x0000000705600000|  0%| F|  |TAMS 0x0000000705500000, 0x0000000705500000| Untracked 
|  48|0x0000000705600000, 0x0000000705600000, 0x0000000705700000|  0%| F|  |TAMS 0x0000000705600000, 0x0000000705600000| Untracked 
|  49|0x0000000705700000, 0x0000000705700000, 0x0000000705800000|  0%| F|  |TAMS 0x0000000705700000, 0x0000000705700000| Untracked 
|  50|0x0000000705800000, 0x0000000705800000, 0x0000000705900000|  0%| F|  |TAMS 0x0000000705800000, 0x0000000705800000| Untracked 
|  51|0x0000000705900000, 0x0000000705900000, 0x0000000705a00000|  0%| F|  |TAMS 0x0000000705900000, 0x0000000705900000| Untracked 
|  52|0x0000000705a00000, 0x0000000705a00000, 0x0000000705b00000|  0%| F|  |TAMS 0x0000000705a00000, 0x0000000705a00000| Untracked 
|  53|0x0000000705b00000, 0x0000000705b00000, 0x0000000705c00000|  0%| F|  |TAMS 0x0000000705b00000, 0x0000000705b00000| Untracked 
|  54|0x0000000705c00000, 0x0000000705c00000, 0x0000000705d00000|  0%| F|  |TAMS 0x0000000705c00000, 0x0000000705c00000| Untracked 
|  55|0x0000000705d00000, 0x0000000705d00000, 0x0000000705e00000|  0%| F|  |TAMS 0x0000000705d00000, 0x0000000705d00000| Untracked 
|  56|0x0000000705e00000, 0x0000000705e00000, 0x0000000705f00000|  0%| F|  |TAMS 0x0000000705e00000, 0x0000000705e00000| Untracked 
|  57|0x0000000705f00000, 0x0000000705f00000, 0x0000000706000000|  0%| F|  |TAMS 0x0000000705f00000, 0x0000000705f00000| Untracked 
|  58|0x0000000706000000, 0x0000000706000000, 0x0000000706100000|  0%| F|  |TAMS 0x0000000706000000, 0x0000000706000000| Untracked 
|  59|0x0000000706100000, 0x0000000706100000, 0x0000000706200000|  0%| F|  |TAMS 0x0000000706100000, 0x0000000706100000| Untracked 
|  60|0x0000000706200000, 0x0000000706200000, 0x0000000706300000|  0%| F|  |TAMS 0x0000000706200000, 0x0000000706200000| Untracked 
|  61|0x0000000706300000, 0x0000000706300000, 0x0000000706400000|  0%| F|  |TAMS 0x0000000706300000, 0x0000000706300000| Untracked 
|  62|0x0000000706400000, 0x0000000706400000, 0x0000000706500000|  0%| F|  |TAMS 0x0000000706400000, 0x0000000706400000| Untracked 
|  63|0x0000000706500000, 0x0000000706500000, 0x0000000706600000|  0%| F|  |TAMS 0x0000000706500000, 0x0000000706500000| Untracked 
|  64|0x0000000706600000, 0x0000000706600000, 0x0000000706700000|  0%| F|  |TAMS 0x0000000706600000, 0x0000000706600000| Untracked 
|  65|0x0000000706700000, 0x0000000706700000, 0x0000000706800000|  0%| F|  |TAMS 0x0000000706700000, 0x0000000706700000| Untracked 
|  66|0x0000000706800000, 0x0000000706800000, 0x0000000706900000|  0%| F|  |TAMS 0x0000000706800000, 0x0000000706800000| Untracked 
|  67|0x0000000706900000, 0x0000000706900000, 0x0000000706a00000|  0%| F|  |TAMS 0x0000000706900000, 0x0000000706900000| Untracked 
|  68|0x0000000706a00000, 0x0000000706a00000, 0x0000000706b00000|  0%| F|  |TAMS 0x0000000706a00000, 0x0000000706a00000| Untracked 
|  69|0x0000000706b00000, 0x0000000706b00000, 0x0000000706c00000|  0%| F|  |TAMS 0x0000000706b00000, 0x0000000706b00000| Untracked 
|  70|0x0000000706c00000, 0x0000000706c00000, 0x0000000706d00000|  0%| F|  |TAMS 0x0000000706c00000, 0x0000000706c00000| Untracked 
|  71|0x0000000706d00000, 0x0000000706d00000, 0x0000000706e00000|  0%| F|  |TAMS 0x0000000706d00000, 0x0000000706d00000| Untracked 
|  72|0x0000000706e00000, 0x0000000706e00000, 0x0000000706f00000|  0%| F|  |TAMS 0x0000000706e00000, 0x0000000706e00000| Untracked 
|  73|0x0000000706f00000, 0x0000000706f00000, 0x0000000707000000|  0%| F|  |TAMS 0x0000000706f00000, 0x0000000706f00000| Untracked 
|  74|0x0000000707000000, 0x0000000707000000, 0x0000000707100000|  0%| F|  |TAMS 0x0000000707000000, 0x0000000707000000| Untracked 
|  75|0x0000000707100000, 0x0000000707100000, 0x0000000707200000|  0%| F|  |TAMS 0x0000000707100000, 0x0000000707100000| Untracked 
|  76|0x0000000707200000, 0x0000000707200000, 0x0000000707300000|  0%| F|  |TAMS 0x0000000707200000, 0x0000000707200000| Untracked 
|  77|0x0000000707300000, 0x0000000707300000, 0x0000000707400000|  0%| F|  |TAMS 0x0000000707300000, 0x0000000707300000| Untracked 
|  78|0x0000000707400000, 0x0000000707400000, 0x0000000707500000|  0%| F|  |TAMS 0x0000000707400000, 0x0000000707400000| Untracked 
|  79|0x0000000707500000, 0x0000000707500000, 0x0000000707600000|  0%| F|  |TAMS 0x0000000707500000, 0x0000000707500000| Untracked 
|  80|0x0000000707600000, 0x0000000707600000, 0x0000000707700000|  0%| F|  |TAMS 0x0000000707600000, 0x0000000707600000| Untracked 
|  81|0x0000000707700000, 0x0000000707700000, 0x0000000707800000|  0%| F|  |TAMS 0x0000000707700000, 0x0000000707700000| Untracked 
|  82|0x0000000707800000, 0x0000000707800000, 0x0000000707900000|  0%| F|  |TAMS 0x0000000707800000, 0x0000000707800000| Untracked 
|  83|0x0000000707900000, 0x0000000707900000, 0x0000000707a00000|  0%| F|  |TAMS 0x0000000707900000, 0x0000000707900000| Untracked 
|  84|0x0000000707a00000, 0x0000000707a00000, 0x0000000707b00000|  0%| F|  |TAMS 0x0000000707a00000, 0x0000000707a00000| Untracked 
|  85|0x0000000707b00000, 0x0000000707b00000, 0x0000000707c00000|  0%| F|  |TAMS 0x0000000707b00000, 0x0000000707b00000| Untracked 
|  86|0x0000000707c00000, 0x0000000707c00000, 0x0000000707d00000|  0%| F|  |TAMS 0x0000000707c00000, 0x0000000707c00000| Untracked 
|  87|0x0000000707d00000, 0x0000000707d00000, 0x0000000707e00000|  0%| F|  |TAMS 0x0000000707d00000, 0x0000000707d00000| Untracked 
|  88|0x0000000707e00000, 0x0000000707e00000, 0x0000000707f00000|  0%| F|  |TAMS 0x0000000707e00000, 0x0000000707e00000| Untracked 
|  89|0x0000000707f00000, 0x0000000707f25990, 0x0000000708000000| 14%| S|CS|TAMS 0x0000000707f00000, 0x0000000707f00000| Complete 
|  90|0x0000000708000000, 0x0000000708100000, 0x0000000708100000|100%| S|CS|TAMS 0x0000000708000000, 0x0000000708000000| Complete 
|  91|0x0000000708100000, 0x0000000708200000, 0x0000000708200000|100%| S|CS|TAMS 0x0000000708100000, 0x0000000708100000| Complete 
|  92|0x0000000708200000, 0x0000000708300000, 0x0000000708300000|100%| S|CS|TAMS 0x0000000708200000, 0x0000000708200000| Complete 
|  93|0x0000000708300000, 0x0000000708400000, 0x0000000708400000|100%| S|CS|TAMS 0x0000000708300000, 0x0000000708300000| Complete 
|  94|0x0000000708400000, 0x0000000708500000, 0x0000000708500000|100%| S|CS|TAMS 0x0000000708400000, 0x0000000708400000| Complete 
|  95|0x0000000708500000, 0x0000000708600000, 0x0000000708600000|100%| S|CS|TAMS 0x0000000708500000, 0x0000000708500000| Complete 
|  96|0x0000000708600000, 0x0000000708700000, 0x0000000708700000|100%| S|CS|TAMS 0x0000000708600000, 0x0000000708600000| Complete 
|  97|0x0000000708700000, 0x0000000708800000, 0x0000000708800000|100%| S|CS|TAMS 0x0000000708700000, 0x0000000708700000| Complete 
|  98|0x0000000708800000, 0x0000000708900000, 0x0000000708900000|100%| S|CS|TAMS 0x0000000708800000, 0x0000000708800000| Complete 
|  99|0x0000000708900000, 0x0000000708a00000, 0x0000000708a00000|100%| S|CS|TAMS 0x0000000708900000, 0x0000000708900000| Complete 
| 100|0x0000000708a00000, 0x0000000708b00000, 0x0000000708b00000|100%| S|CS|TAMS 0x0000000708a00000, 0x0000000708a00000| Complete 
| 101|0x0000000708b00000, 0x0000000708c00000, 0x0000000708c00000|100%| S|CS|TAMS 0x0000000708b00000, 0x0000000708b00000| Complete 
| 102|0x0000000708c00000, 0x0000000708c00000, 0x0000000708d00000|  0%| F|  |TAMS 0x0000000708c00000, 0x0000000708c00000| Untracked 
| 103|0x0000000708d00000, 0x0000000708d00000, 0x0000000708e00000|  0%| F|  |TAMS 0x0000000708d00000, 0x0000000708d00000| Untracked 
| 104|0x0000000708e00000, 0x0000000708e00000, 0x0000000708f00000|  0%| F|  |TAMS 0x0000000708e00000, 0x0000000708e00000| Untracked 
| 105|0x0000000708f00000, 0x0000000708f00000, 0x0000000709000000|  0%| F|  |TAMS 0x0000000708f00000, 0x0000000708f00000| Untracked 
| 106|0x0000000709000000, 0x0000000709000000, 0x0000000709100000|  0%| F|  |TAMS 0x0000000709000000, 0x0000000709000000| Untracked 
| 107|0x0000000709100000, 0x0000000709100000, 0x0000000709200000|  0%| F|  |TAMS 0x0000000709100000, 0x0000000709100000| Untracked 
| 108|0x0000000709200000, 0x0000000709200000, 0x0000000709300000|  0%| F|  |TAMS 0x0000000709200000, 0x0000000709200000| Untracked 
| 109|0x0000000709300000, 0x0000000709300000, 0x0000000709400000|  0%| F|  |TAMS 0x0000000709300000, 0x0000000709300000| Untracked 
| 110|0x0000000709400000, 0x0000000709400000, 0x0000000709500000|  0%| F|  |TAMS 0x0000000709400000, 0x0000000709400000| Untracked 
| 111|0x0000000709500000, 0x0000000709500000, 0x0000000709600000|  0%| F|  |TAMS 0x0000000709500000, 0x0000000709500000| Untracked 
| 112|0x0000000709600000, 0x0000000709600000, 0x0000000709700000|  0%| F|  |TAMS 0x0000000709600000, 0x0000000709600000| Untracked 
| 113|0x0000000709700000, 0x0000000709700000, 0x0000000709800000|  0%| F|  |TAMS 0x0000000709700000, 0x0000000709700000| Untracked 
| 114|0x0000000709800000, 0x0000000709800000, 0x0000000709900000|  0%| F|  |TAMS 0x0000000709800000, 0x0000000709800000| Untracked 
| 115|0x0000000709900000, 0x0000000709900000, 0x0000000709a00000|  0%| F|  |TAMS 0x0000000709900000, 0x0000000709900000| Untracked 
| 116|0x0000000709a00000, 0x0000000709a00000, 0x0000000709b00000|  0%| F|  |TAMS 0x0000000709a00000, 0x0000000709a00000| Untracked 
| 117|0x0000000709b00000, 0x0000000709b00000, 0x0000000709c00000|  0%| F|  |TAMS 0x0000000709b00000, 0x0000000709b00000| Untracked 
| 118|0x0000000709c00000, 0x0000000709c00000, 0x0000000709d00000|  0%| F|  |TAMS 0x0000000709c00000, 0x0000000709c00000| Untracked 
| 119|0x0000000709d00000, 0x0000000709d00000, 0x0000000709e00000|  0%| F|  |TAMS 0x0000000709d00000, 0x0000000709d00000| Untracked 
| 120|0x0000000709e00000, 0x0000000709e00000, 0x0000000709f00000|  0%| F|  |TAMS 0x0000000709e00000, 0x0000000709e00000| Untracked 
| 121|0x0000000709f00000, 0x0000000709f00000, 0x000000070a000000|  0%| F|  |TAMS 0x0000000709f00000, 0x0000000709f00000| Untracked 
| 122|0x000000070a000000, 0x000000070a000000, 0x000000070a100000|  0%| F|  |TAMS 0x000000070a000000, 0x000000070a000000| Untracked 
| 123|0x000000070a100000, 0x000000070a100000, 0x000000070a200000|  0%| F|  |TAMS 0x000000070a100000, 0x000000070a100000| Untracked 
| 124|0x000000070a200000, 0x000000070a200000, 0x000000070a300000|  0%| F|  |TAMS 0x000000070a200000, 0x000000070a200000| Untracked 
| 125|0x000000070a300000, 0x000000070a300000, 0x000000070a400000|  0%| F|  |TAMS 0x000000070a300000, 0x000000070a300000| Untracked 
| 126|0x000000070a400000, 0x000000070a400000, 0x000000070a500000|  0%| F|  |TAMS 0x000000070a400000, 0x000000070a400000| Untracked 
| 127|0x000000070a500000, 0x000000070a500000, 0x000000070a600000|  0%| F|  |TAMS 0x000000070a500000, 0x000000070a500000| Untracked 
| 128|0x000000070a600000, 0x000000070a600000, 0x000000070a700000|  0%| F|  |TAMS 0x000000070a600000, 0x000000070a600000| Untracked 
| 129|0x000000070a700000, 0x000000070a700000, 0x000000070a800000|  0%| F|  |TAMS 0x000000070a700000, 0x000000070a700000| Untracked 
| 130|0x000000070a800000, 0x000000070a800000, 0x000000070a900000|  0%| F|  |TAMS 0x000000070a800000, 0x000000070a800000| Untracked 
| 131|0x000000070a900000, 0x000000070a900000, 0x000000070aa00000|  0%| F|  |TAMS 0x000000070a900000, 0x000000070a900000| Untracked 
| 132|0x000000070aa00000, 0x000000070aa00000, 0x000000070ab00000|  0%| F|  |TAMS 0x000000070aa00000, 0x000000070aa00000| Untracked 
| 133|0x000000070ab00000, 0x000000070ab00000, 0x000000070ac00000|  0%| F|  |TAMS 0x000000070ab00000, 0x000000070ab00000| Untracked 
| 134|0x000000070ac00000, 0x000000070ac00000, 0x000000070ad00000|  0%| F|  |TAMS 0x000000070ac00000, 0x000000070ac00000| Untracked 
| 135|0x000000070ad00000, 0x000000070ad00000, 0x000000070ae00000|  0%| F|  |TAMS 0x000000070ad00000, 0x000000070ad00000| Untracked 
| 136|0x000000070ae00000, 0x000000070ae00000, 0x000000070af00000|  0%| F|  |TAMS 0x000000070ae00000, 0x000000070ae00000| Untracked 
| 137|0x000000070af00000, 0x000000070af00000, 0x000000070b000000|  0%| F|  |TAMS 0x000000070af00000, 0x000000070af00000| Untracked 
| 138|0x000000070b000000, 0x000000070b000000, 0x000000070b100000|  0%| F|  |TAMS 0x000000070b000000, 0x000000070b000000| Untracked 
| 139|0x000000070b100000, 0x000000070b100000, 0x000000070b200000|  0%| F|  |TAMS 0x000000070b100000, 0x000000070b100000| Untracked 
| 140|0x000000070b200000, 0x000000070b200000, 0x000000070b300000|  0%| F|  |TAMS 0x000000070b200000, 0x000000070b200000| Untracked 
| 141|0x000000070b300000, 0x000000070b300000, 0x000000070b400000|  0%| F|  |TAMS 0x000000070b300000, 0x000000070b300000| Untracked 
| 142|0x000000070b400000, 0x000000070b400000, 0x000000070b500000|  0%| F|  |TAMS 0x000000070b400000, 0x000000070b400000| Untracked 
| 143|0x000000070b500000, 0x000000070b500000, 0x000000070b600000|  0%| F|  |TAMS 0x000000070b500000, 0x000000070b500000| Untracked 
| 144|0x000000070b600000, 0x000000070b600000, 0x000000070b700000|  0%| F|  |TAMS 0x000000070b600000, 0x000000070b600000| Untracked 
| 145|0x000000070b700000, 0x000000070b700000, 0x000000070b800000|  0%| F|  |TAMS 0x000000070b700000, 0x000000070b700000| Untracked 
| 146|0x000000070b800000, 0x000000070b800000, 0x000000070b900000|  0%| F|  |TAMS 0x000000070b800000, 0x000000070b800000| Untracked 
| 147|0x000000070b900000, 0x000000070b900000, 0x000000070ba00000|  0%| F|  |TAMS 0x000000070b900000, 0x000000070b900000| Untracked 
| 148|0x000000070ba00000, 0x000000070ba00000, 0x000000070bb00000|  0%| F|  |TAMS 0x000000070ba00000, 0x000000070ba00000| Untracked 
| 149|0x000000070bb00000, 0x000000070bb00000, 0x000000070bc00000|  0%| F|  |TAMS 0x000000070bb00000, 0x000000070bb00000| Untracked 
| 150|0x000000070bc00000, 0x000000070bc00000, 0x000000070bd00000|  0%| F|  |TAMS 0x000000070bc00000, 0x000000070bc00000| Untracked 
| 151|0x000000070bd00000, 0x000000070bd00000, 0x000000070be00000|  0%| F|  |TAMS 0x000000070bd00000, 0x000000070bd00000| Untracked 
| 152|0x000000070be00000, 0x000000070be00000, 0x000000070bf00000|  0%| F|  |TAMS 0x000000070be00000, 0x000000070be00000| Untracked 
| 153|0x000000070bf00000, 0x000000070bf00000, 0x000000070c000000|  0%| F|  |TAMS 0x000000070bf00000, 0x000000070bf00000| Untracked 
| 154|0x000000070c000000, 0x000000070c000000, 0x000000070c100000|  0%| F|  |TAMS 0x000000070c000000, 0x000000070c000000| Untracked 
| 155|0x000000070c100000, 0x000000070c100000, 0x000000070c200000|  0%| F|  |TAMS 0x000000070c100000, 0x000000070c100000| Untracked 
| 156|0x000000070c200000, 0x000000070c200000, 0x000000070c300000|  0%| F|  |TAMS 0x000000070c200000, 0x000000070c200000| Untracked 
| 157|0x000000070c300000, 0x000000070c300000, 0x000000070c400000|  0%| F|  |TAMS 0x000000070c300000, 0x000000070c300000| Untracked 
| 158|0x000000070c400000, 0x000000070c400000, 0x000000070c500000|  0%| F|  |TAMS 0x000000070c400000, 0x000000070c400000| Untracked 
| 159|0x000000070c500000, 0x000000070c500000, 0x000000070c600000|  0%| F|  |TAMS 0x000000070c500000, 0x000000070c500000| Untracked 
| 160|0x000000070c600000, 0x000000070c600000, 0x000000070c700000|  0%| F|  |TAMS 0x000000070c600000, 0x000000070c600000| Untracked 
| 161|0x000000070c700000, 0x000000070c700000, 0x000000070c800000|  0%| F|  |TAMS 0x000000070c700000, 0x000000070c700000| Untracked 
| 162|0x000000070c800000, 0x000000070c800000, 0x000000070c900000|  0%| F|  |TAMS 0x000000070c800000, 0x000000070c800000| Untracked 
| 163|0x000000070c900000, 0x000000070c900000, 0x000000070ca00000|  0%| F|  |TAMS 0x000000070c900000, 0x000000070c900000| Untracked 
| 164|0x000000070ca00000, 0x000000070ca00000, 0x000000070cb00000|  0%| F|  |TAMS 0x000000070ca00000, 0x000000070ca00000| Untracked 
| 165|0x000000070cb00000, 0x000000070cb00000, 0x000000070cc00000|  0%| F|  |TAMS 0x000000070cb00000, 0x000000070cb00000| Untracked 
| 166|0x000000070cc00000, 0x000000070cc00000, 0x000000070cd00000|  0%| F|  |TAMS 0x000000070cc00000, 0x000000070cc00000| Untracked 
| 167|0x000000070cd00000, 0x000000070cd00000, 0x000000070ce00000|  0%| F|  |TAMS 0x000000070cd00000, 0x000000070cd00000| Untracked 
| 168|0x000000070ce00000, 0x000000070ce00000, 0x000000070cf00000|  0%| F|  |TAMS 0x000000070ce00000, 0x000000070ce00000| Untracked 
| 169|0x000000070cf00000, 0x000000070cf00000, 0x000000070d000000|  0%| F|  |TAMS 0x000000070cf00000, 0x000000070cf00000| Untracked 
| 170|0x000000070d000000, 0x000000070d000000, 0x000000070d100000|  0%| F|  |TAMS 0x000000070d000000, 0x000000070d000000| Untracked 
| 171|0x000000070d100000, 0x000000070d100000, 0x000000070d200000|  0%| F|  |TAMS 0x000000070d100000, 0x000000070d100000| Untracked 
| 172|0x000000070d200000, 0x000000070d200000, 0x000000070d300000|  0%| F|  |TAMS 0x000000070d200000, 0x000000070d200000| Untracked 
| 173|0x000000070d300000, 0x000000070d300000, 0x000000070d400000|  0%| F|  |TAMS 0x000000070d300000, 0x000000070d300000| Untracked 
| 174|0x000000070d400000, 0x000000070d400000, 0x000000070d500000|  0%| F|  |TAMS 0x000000070d400000, 0x000000070d400000| Untracked 
| 175|0x000000070d500000, 0x000000070d500000, 0x000000070d600000|  0%| F|  |TAMS 0x000000070d500000, 0x000000070d500000| Untracked 
| 176|0x000000070d600000, 0x000000070d600000, 0x000000070d700000|  0%| F|  |TAMS 0x000000070d600000, 0x000000070d600000| Untracked 
| 177|0x000000070d700000, 0x000000070d700000, 0x000000070d800000|  0%| F|  |TAMS 0x000000070d700000, 0x000000070d700000| Untracked 
| 178|0x000000070d800000, 0x000000070d800000, 0x000000070d900000|  0%| F|  |TAMS 0x000000070d800000, 0x000000070d800000| Untracked 
| 179|0x000000070d900000, 0x000000070d900000, 0x000000070da00000|  0%| F|  |TAMS 0x000000070d900000, 0x000000070d900000| Untracked 
| 180|0x000000070da00000, 0x000000070da00000, 0x000000070db00000|  0%| F|  |TAMS 0x000000070da00000, 0x000000070da00000| Untracked 
| 181|0x000000070db00000, 0x000000070db00000, 0x000000070dc00000|  0%| F|  |TAMS 0x000000070db00000, 0x000000070db00000| Untracked 
| 182|0x000000070dc00000, 0x000000070dc00000, 0x000000070dd00000|  0%| F|  |TAMS 0x000000070dc00000, 0x000000070dc00000| Untracked 
| 183|0x000000070dd00000, 0x000000070dd00000, 0x000000070de00000|  0%| F|  |TAMS 0x000000070dd00000, 0x000000070dd00000| Untracked 
| 184|0x000000070de00000, 0x000000070de00000, 0x000000070df00000|  0%| F|  |TAMS 0x000000070de00000, 0x000000070de00000| Untracked 
| 185|0x000000070df00000, 0x000000070df00000, 0x000000070e000000|  0%| F|  |TAMS 0x000000070df00000, 0x000000070df00000| Untracked 
| 186|0x000000070e000000, 0x000000070e000000, 0x000000070e100000|  0%| F|  |TAMS 0x000000070e000000, 0x000000070e000000| Untracked 
| 187|0x000000070e100000, 0x000000070e100000, 0x000000070e200000|  0%| F|  |TAMS 0x000000070e100000, 0x000000070e100000| Untracked 
| 188|0x000000070e200000, 0x000000070e200000, 0x000000070e300000|  0%| F|  |TAMS 0x000000070e200000, 0x000000070e200000| Untracked 
| 189|0x000000070e300000, 0x000000070e300000, 0x000000070e400000|  0%| F|  |TAMS 0x000000070e300000, 0x000000070e300000| Untracked 
| 190|0x000000070e400000, 0x000000070e400000, 0x000000070e500000|  0%| F|  |TAMS 0x000000070e400000, 0x000000070e400000| Untracked 
| 191|0x000000070e500000, 0x000000070e500000, 0x000000070e600000|  0%| F|  |TAMS 0x000000070e500000, 0x000000070e500000| Untracked 
| 192|0x000000070e600000, 0x000000070e600000, 0x000000070e700000|  0%| F|  |TAMS 0x000000070e600000, 0x000000070e600000| Untracked 
| 193|0x000000070e700000, 0x000000070e700000, 0x000000070e800000|  0%| F|  |TAMS 0x000000070e700000, 0x000000070e700000| Untracked 
| 194|0x000000070e800000, 0x000000070e800000, 0x000000070e900000|  0%| F|  |TAMS 0x000000070e800000, 0x000000070e800000| Untracked 
| 195|0x000000070e900000, 0x000000070e900000, 0x000000070ea00000|  0%| F|  |TAMS 0x000000070e900000, 0x000000070e900000| Untracked 
| 196|0x000000070ea00000, 0x000000070ea00000, 0x000000070eb00000|  0%| F|  |TAMS 0x000000070ea00000, 0x000000070ea00000| Untracked 
| 197|0x000000070eb00000, 0x000000070eb00000, 0x000000070ec00000|  0%| F|  |TAMS 0x000000070eb00000, 0x000000070eb00000| Untracked 
| 198|0x000000070ec00000, 0x000000070ec00000, 0x000000070ed00000|  0%| F|  |TAMS 0x000000070ec00000, 0x000000070ec00000| Untracked 
| 199|0x000000070ed00000, 0x000000070ed00000, 0x000000070ee00000|  0%| F|  |TAMS 0x000000070ed00000, 0x000000070ed00000| Untracked 
| 200|0x000000070ee00000, 0x000000070ee00000, 0x000000070ef00000|  0%| F|  |TAMS 0x000000070ee00000, 0x000000070ee00000| Untracked 
| 201|0x000000070ef00000, 0x000000070ef00000, 0x000000070f000000|  0%| F|  |TAMS 0x000000070ef00000, 0x000000070ef00000| Untracked 
| 202|0x000000070f000000, 0x000000070f000000, 0x000000070f100000|  0%| F|  |TAMS 0x000000070f000000, 0x000000070f000000| Untracked 
| 203|0x000000070f100000, 0x000000070f100000, 0x000000070f200000|  0%| F|  |TAMS 0x000000070f100000, 0x000000070f100000| Untracked 
| 204|0x000000070f200000, 0x000000070f200000, 0x000000070f300000|  0%| F|  |TAMS 0x000000070f200000, 0x000000070f200000| Untracked 
| 205|0x000000070f300000, 0x000000070f300000, 0x000000070f400000|  0%| F|  |TAMS 0x000000070f300000, 0x000000070f300000| Untracked 
| 206|0x000000070f400000, 0x000000070f400000, 0x000000070f500000|  0%| F|  |TAMS 0x000000070f400000, 0x000000070f400000| Untracked 
| 207|0x000000070f500000, 0x000000070f500000, 0x000000070f600000|  0%| F|  |TAMS 0x000000070f500000, 0x000000070f500000| Untracked 
| 208|0x000000070f600000, 0x000000070f600000, 0x000000070f700000|  0%| F|  |TAMS 0x000000070f600000, 0x000000070f600000| Untracked 
| 209|0x000000070f700000, 0x000000070f700000, 0x000000070f800000|  0%| F|  |TAMS 0x000000070f700000, 0x000000070f700000| Untracked 
| 210|0x000000070f800000, 0x000000070f800000, 0x000000070f900000|  0%| F|  |TAMS 0x000000070f800000, 0x000000070f800000| Untracked 
| 211|0x000000070f900000, 0x000000070f900000, 0x000000070fa00000|  0%| F|  |TAMS 0x000000070f900000, 0x000000070f900000| Untracked 
| 212|0x000000070fa00000, 0x000000070fa00000, 0x000000070fb00000|  0%| F|  |TAMS 0x000000070fa00000, 0x000000070fa00000| Untracked 
| 213|0x000000070fb00000, 0x000000070fb00000, 0x000000070fc00000|  0%| F|  |TAMS 0x000000070fb00000, 0x000000070fb00000| Untracked 
| 214|0x000000070fc00000, 0x000000070fc00000, 0x000000070fd00000|  0%| F|  |TAMS 0x000000070fc00000, 0x000000070fc00000| Untracked 
| 215|0x000000070fd00000, 0x000000070fd00000, 0x000000070fe00000|  0%| F|  |TAMS 0x000000070fd00000, 0x000000070fd00000| Untracked 
| 216|0x000000070fe00000, 0x000000070fe00000, 0x000000070ff00000|  0%| F|  |TAMS 0x000000070fe00000, 0x000000070fe00000| Untracked 
| 217|0x000000070ff00000, 0x000000070ff00000, 0x0000000710000000|  0%| F|  |TAMS 0x000000070ff00000, 0x000000070ff00000| Untracked 
| 218|0x0000000710000000, 0x0000000710000000, 0x0000000710100000|  0%| F|  |TAMS 0x0000000710000000, 0x0000000710000000| Untracked 
| 219|0x0000000710100000, 0x0000000710100000, 0x0000000710200000|  0%| F|  |TAMS 0x0000000710100000, 0x0000000710100000| Untracked 
| 220|0x0000000710200000, 0x0000000710200000, 0x0000000710300000|  0%| F|  |TAMS 0x0000000710200000, 0x0000000710200000| Untracked 
| 221|0x0000000710300000, 0x0000000710300000, 0x0000000710400000|  0%| F|  |TAMS 0x0000000710300000, 0x0000000710300000| Untracked 
| 222|0x0000000710400000, 0x0000000710400000, 0x0000000710500000|  0%| F|  |TAMS 0x0000000710400000, 0x0000000710400000| Untracked 
| 223|0x0000000710500000, 0x0000000710500000, 0x0000000710600000|  0%| F|  |TAMS 0x0000000710500000, 0x0000000710500000| Untracked 
| 224|0x0000000710600000, 0x0000000710600000, 0x0000000710700000|  0%| F|  |TAMS 0x0000000710600000, 0x0000000710600000| Untracked 
| 225|0x0000000710700000, 0x0000000710700000, 0x0000000710800000|  0%| F|  |TAMS 0x0000000710700000, 0x0000000710700000| Untracked 
| 226|0x0000000710800000, 0x0000000710800000, 0x0000000710900000|  0%| F|  |TAMS 0x0000000710800000, 0x0000000710800000| Untracked 
| 227|0x0000000710900000, 0x0000000710900000, 0x0000000710a00000|  0%| F|  |TAMS 0x0000000710900000, 0x0000000710900000| Untracked 
| 228|0x0000000710a00000, 0x0000000710a00000, 0x0000000710b00000|  0%| F|  |TAMS 0x0000000710a00000, 0x0000000710a00000| Untracked 
| 229|0x0000000710b00000, 0x0000000710b00000, 0x0000000710c00000|  0%| F|  |TAMS 0x0000000710b00000, 0x0000000710b00000| Untracked 
| 230|0x0000000710c00000, 0x0000000710c00000, 0x0000000710d00000|  0%| F|  |TAMS 0x0000000710c00000, 0x0000000710c00000| Untracked 
| 231|0x0000000710d00000, 0x0000000710d00000, 0x0000000710e00000|  0%| F|  |TAMS 0x0000000710d00000, 0x0000000710d00000| Untracked 
| 232|0x0000000710e00000, 0x0000000710e00000, 0x0000000710f00000|  0%| F|  |TAMS 0x0000000710e00000, 0x0000000710e00000| Untracked 
| 233|0x0000000710f00000, 0x0000000710f00000, 0x0000000711000000|  0%| F|  |TAMS 0x0000000710f00000, 0x0000000710f00000| Untracked 
| 234|0x0000000711000000, 0x0000000711000000, 0x0000000711100000|  0%| F|  |TAMS 0x0000000711000000, 0x0000000711000000| Untracked 
| 235|0x0000000711100000, 0x0000000711100000, 0x0000000711200000|  0%| F|  |TAMS 0x0000000711100000, 0x0000000711100000| Untracked 
| 236|0x0000000711200000, 0x0000000711200000, 0x0000000711300000|  0%| F|  |TAMS 0x0000000711200000, 0x0000000711200000| Untracked 
| 237|0x0000000711300000, 0x0000000711300000, 0x0000000711400000|  0%| F|  |TAMS 0x0000000711300000, 0x0000000711300000| Untracked 
| 238|0x0000000711400000, 0x0000000711400000, 0x0000000711500000|  0%| F|  |TAMS 0x0000000711400000, 0x0000000711400000| Untracked 
| 239|0x0000000711500000, 0x0000000711500000, 0x0000000711600000|  0%| F|  |TAMS 0x0000000711500000, 0x0000000711500000| Untracked 
| 240|0x0000000711600000, 0x0000000711600000, 0x0000000711700000|  0%| F|  |TAMS 0x0000000711600000, 0x0000000711600000| Untracked 
| 241|0x0000000711700000, 0x0000000711700000, 0x0000000711800000|  0%| F|  |TAMS 0x0000000711700000, 0x0000000711700000| Untracked 
| 242|0x0000000711800000, 0x0000000711800000, 0x0000000711900000|  0%| F|  |TAMS 0x0000000711800000, 0x0000000711800000| Untracked 
| 243|0x0000000711900000, 0x0000000711900000, 0x0000000711a00000|  0%| F|  |TAMS 0x0000000711900000, 0x0000000711900000| Untracked 
| 244|0x0000000711a00000, 0x0000000711a00000, 0x0000000711b00000|  0%| F|  |TAMS 0x0000000711a00000, 0x0000000711a00000| Untracked 
| 245|0x0000000711b00000, 0x0000000711b84010, 0x0000000711c00000| 51%| E|  |TAMS 0x0000000711b00000, 0x0000000711b00000| Complete 
| 246|0x0000000711c00000, 0x0000000711d00000, 0x0000000711d00000|100%| E|CS|TAMS 0x0000000711c00000, 0x0000000711c00000| Complete 
| 247|0x0000000711d00000, 0x0000000711e00000, 0x0000000711e00000|100%| E|CS|TAMS 0x0000000711d00000, 0x0000000711d00000| Complete 
| 248|0x0000000711e00000, 0x0000000711f00000, 0x0000000711f00000|100%| E|CS|TAMS 0x0000000711e00000, 0x0000000711e00000| Complete 
| 249|0x0000000711f00000, 0x0000000712000000, 0x0000000712000000|100%| E|CS|TAMS 0x0000000711f00000, 0x0000000711f00000| Complete 
| 250|0x0000000712000000, 0x0000000712100000, 0x0000000712100000|100%| E|CS|TAMS 0x0000000712000000, 0x0000000712000000| Complete 
| 251|0x0000000712100000, 0x0000000712200000, 0x0000000712200000|100%| E|CS|TAMS 0x0000000712100000, 0x0000000712100000| Complete 
| 252|0x0000000712200000, 0x0000000712300000, 0x0000000712300000|100%| E|CS|TAMS 0x0000000712200000, 0x0000000712200000| Complete 
| 253|0x0000000712300000, 0x0000000712400000, 0x0000000712400000|100%| E|CS|TAMS 0x0000000712300000, 0x0000000712300000| Complete 

Card table byte_map: [0x000001e7fd8f0000,0x000001e7fe0e0000] _byte_map_base: 0x000001e7fa0dd000

Marking Bits (Prev, Next): (CMBitMap*) 0x000001e7f480e008, (CMBitMap*) 0x000001e7f480e040
 Prev Bits: [0x000001e78f000000, 0x000001e792f68000)
 Next Bits: [0x000001e792f70000, 0x000001e796ed8000)

Polling page: 0x000001e7f2740000

Metaspace:

Usage:
  Non-class:     41.69 MB capacity,    40.80 MB ( 98%) used,   735.28 KB (  2%) free+waste,   178.44 KB ( <1%) overhead. 
      Class:      6.52 MB capacity,     5.92 MB ( 91%) used,   528.32 KB (  8%) free+waste,    88.69 KB (  1%) overhead. 
       Both:     48.21 MB capacity,    46.72 MB ( 97%) used,     1.23 MB (  3%) free+waste,   267.13 KB ( <1%) overhead. 

Virtual space:
  Non-class space:       42.00 MB reserved,      41.92 MB (>99%) committed 
      Class space:        1.00 GB reserved,       6.53 MB ( <1%) committed 
             Both:        1.04 GB reserved,      48.45 MB (  5%) committed 

Chunk freelists:
   Non-Class:  5.25 KB
       Class:  0 bytes
        Both:  5.25 KB

CodeHeap 'non-profiled nmethods': size=238336Kb used=7953Kb max_used=7953Kb free=230382Kb
 bounds [0x000001e780740000, 0x000001e780f10000, 0x000001e78f000000]
CodeHeap 'non-nmethods': size=7424Kb used=1227Kb max_used=1227Kb free=6197Kb
 bounds [0x000001e780000000, 0x000001e780270000, 0x000001e780740000]
 total_blobs=5329 nmethods=4728 adapters=506
 compilation: enabled
              stopped_count=0, restarted_count=0
 full_count=0

Compilation events (10 events):
Event: 7.973 Thread 0x000001e798fff000 nmethod 4728 0x000001e780eff790 code [0x000001e780eff940, 0x000001e780effad0]
Event: 7.973 Thread 0x000001e798fff000 4729       1       com.sun.org.apache.xerces.internal.impl.XMLDocumentScannerImpl::next (10 bytes)
Event: 7.973 Thread 0x000001e798fff000 nmethod 4729 0x000001e780effc10 code [0x000001e780effdc0, 0x000001e780efff10]
Event: 7.973 Thread 0x000001e798fff000 4731       1       com.sun.org.apache.xerces.internal.dom.DeferredDocumentImpl::createNode (46 bytes)
Event: 7.973 Thread 0x000001e798fff000 nmethod 4731 0x000001e780efff90 code [0x000001e780f00140, 0x000001e780f00300]
Event: 7.973 Thread 0x000001e798fff000 4732       1       com.sun.org.apache.xerces.internal.dom.DeferredDocumentImpl::ensureCapacity (358 bytes)
Event: 7.974 Thread 0x000001e798fff000 nmethod 4732 0x000001e780f00390 code [0x000001e780f00760, 0x000001e780f035b0]
Event: 7.974 Thread 0x000001e798fff000 4733       1       com.sun.org.apache.xerces.internal.xni.XMLString::setValues (16 bytes)
Event: 7.974 Thread 0x000001e798fff000 nmethod 4733 0x000001e780f04110 code [0x000001e780f042a0, 0x000001e780f04418]
Event: 7.974 Thread 0x000001e798fff000 4734   !   1       com.sun.org.apache.xerces.internal.impl.XMLDocumentFragmentScannerImpl$FragmentContentDriver::next (2329 bytes)

GC Heap History (10 events):
Event: 4.053 GC heap before
{Heap before GC invocations=3 (full 0):
 garbage-first heap   total 260096K, used 40348K [0x0000000702600000, 0x0000000800000000)
  region size 1024K, 33 young (33792K), 7 survivors (7168K)
 Metaspace       used 22952K, capacity 23767K, committed 24060K, reserved 1071104K
  class space    used 2805K, capacity 3100K, committed 3148K, reserved 1048576K
}
Event: 4.058 GC heap after
{Heap after GC invocations=4 (full 0):
 garbage-first heap   total 260096K, used 14770K [0x0000000702600000, 0x0000000800000000)
  region size 1024K, 1 young (1024K), 1 survivors (1024K)
 Metaspace       used 22952K, capacity 23767K, committed 24060K, reserved 1071104K
  class space    used 2805K, capacity 3100K, committed 3148K, reserved 1048576K
}
Event: 4.460 GC heap before
{Heap before GC invocations=4 (full 0):
 garbage-first heap   total 260096K, used 89522K [0x0000000702600000, 0x0000000800000000)
  region size 1024K, 75 young (76800K), 1 survivors (1024K)
 Metaspace       used 28643K, capacity 29654K, committed 29820K, reserved 1075200K
  class space    used 3552K, capacity 3942K, committed 4044K, reserved 1048576K
}
Event: 4.464 GC heap after
{Heap after GC invocations=5 (full 0):
 garbage-first heap   total 260096K, used 17098K [0x0000000702600000, 0x0000000800000000)
  region size 1024K, 4 young (4096K), 4 survivors (4096K)
 Metaspace       used 28643K, capacity 29654K, committed 29820K, reserved 1075200K
  class space    used 3552K, capacity 3942K, committed 4044K, reserved 1048576K
}
Event: 5.468 GC heap before
{Heap before GC invocations=5 (full 0):
 garbage-first heap   total 260096K, used 122570K [0x0000000702600000, 0x0000000800000000)
  region size 1024K, 107 young (109568K), 4 survivors (4096K)
 Metaspace       used 32965K, capacity 33999K, committed 34172K, reserved 1079296K
  class space    used 4106K, capacity 4530K, committed 4556K, reserved 1048576K
}
Event: 5.474 GC heap after
{Heap after GC invocations=6 (full 0):
 garbage-first heap   total 260096K, used 20073K [0x0000000702600000, 0x0000000800000000)
  region size 1024K, 7 young (7168K), 7 survivors (7168K)
 Metaspace       used 32965K, capacity 33999K, committed 34172K, reserved 1079296K
  class space    used 4106K, capacity 4530K, committed 4556K, reserved 1048576K
}
Event: 5.724 GC heap before
{Heap before GC invocations=6 (full 0):
 garbage-first heap   total 260096K, used 44649K [0x0000000702600000, 0x0000000800000000)
  region size 1024K, 32 young (32768K), 7 survivors (7168K)
 Metaspace       used 34892K, capacity 35932K, committed 36048K, reserved 1081344K
  class space    used 4378K, capacity 4810K, committed 4896K, reserved 1048576K
}
Event: 5.731 GC heap after
{Heap after GC invocations=7 (full 0):
 garbage-first heap   total 260096K, used 20750K [0x0000000702600000, 0x0000000800000000)
  region size 1024K, 7 young (7168K), 7 survivors (7168K)
 Metaspace       used 34892K, capacity 35932K, committed 36048K, reserved 1081344K
  class space    used 4378K, capacity 4810K, committed 4896K, reserved 1048576K
}
Event: 7.941 GC heap before
{Heap before GC invocations=8 (full 0):
 garbage-first heap   total 260096K, used 173326K [0x0000000702600000, 0x0000000800000000)
  region size 1024K, 152 young (155648K), 7 survivors (7168K)
 Metaspace       used 47714K, capacity 49210K, committed 49360K, reserved 1091584K
  class space    used 6053K, capacity 6671K, committed 6688K, reserved 1048576K
}
Event: 7.950 GC heap after
{Heap after GC invocations=9 (full 0):
 garbage-first heap   total 260096K, used 26184K [0x0000000702600000, 0x0000000800000000)
  region size 1024K, 13 young (13312K), 13 survivors (13312K)
 Metaspace       used 47714K, capacity 49210K, committed 49360K, reserved 1091584K
  class space    used 6053K, capacity 6671K, committed 6688K, reserved 1048576K
}

Deoptimization events (0 events):
No events

Classes redefined (0 events):
No events

Internal exceptions (10 events):
Event: 7.520 Thread 0x000001e7f47ab000 Exception <a 'java/io/FileNotFoundException'{0x000000070bad4570}> (0x000000070bad4570) thrown at [./open/src/hotspot/share/prims/jni.cpp, line 611]
Event: 7.536 Thread 0x000001e79c6da800 Exception <a 'java/lang/reflect/InvocationTargetException'{0x000000070ffa38a8}> (0x000000070ffa38a8) thrown at [./open/src/hotspot/share/runtime/reflection.cpp, line 1242]
Event: 7.621 Thread 0x000001e7f47ab000 Exception <a 'java/lang/IncompatibleClassChangeError'{0x000000070af9fff8}: Found class java.lang.Object, but interface was expected> (0x000000070af9fff8) thrown at [./open/src/hotspot/share/interpreter/linkResolver.cpp, line 838]
Event: 7.671 Thread 0x000001e7f47ab000 Exception <a 'java/lang/ClassNotFoundException'{0x000000070a99e9b0}: java/lang/ObjectCustomizer> (0x000000070a99e9b0) thrown at [./open/src/hotspot/share/classfile/systemDictionary.cpp, line 228]
Event: 7.672 Thread 0x000001e7f47ab000 Exception <a 'java/lang/ClassNotFoundException'{0x000000070a9bb090}: org/springframework/dao/support/DaoSupportCustomizer> (0x000000070a9bb090) thrown at [./open/src/hotspot/share/classfile/systemDictionary.cpp, line 228]
Event: 7.673 Thread 0x000001e7f47ab000 Exception <a 'java/lang/ClassNotFoundException'{0x000000070a9d6590}: org/mybatis/spring/support/SqlSessionDaoSupportCustomizer> (0x000000070a9d6590) thrown at [./open/src/hotspot/share/classfile/systemDictionary.cpp, line 228]
Event: 7.674 Thread 0x000001e7f47ab000 Exception <a 'java/lang/ClassNotFoundException'{0x000000070a9f3f50}: org/mybatis/spring/mapper/MapperFactoryBeanCustomizer> (0x000000070a9f3f50) thrown at [./open/src/hotspot/share/classfile/systemDictionary.cpp, line 228]
Event: 7.675 Thread 0x000001e7f47ab000 Exception <a 'java/lang/ClassNotFoundException'{0x000000070a81a410}: org/springframework/beans/factory/FactoryBeanCustomizer> (0x000000070a81a410) thrown at [./open/src/hotspot/share/classfile/systemDictionary.cpp, line 228]
Event: 7.677 Thread 0x000001e7f47ab000 Exception <a 'java/lang/ClassNotFoundException'{0x000000070a8390e0}: org/springframework/beans/factory/InitializingBeanCustomizer> (0x000000070a8390e0) thrown at [./open/src/hotspot/share/classfile/systemDictionary.cpp, line 228]
Event: 7.958 Thread 0x000001e7f47ab000 Exception <a 'java/lang/NoSuchMethodError'{0x00000007123af7d8}: java.lang.invoke.Invokers$Holder.linkToTargetMethod(Ljava/lang/Object;ILjava/lang/Object;)Ljava/lang/Object;> (0x00000007123af7d8) thrown at [./open/src/hotspot/share/interpreter/linkResolver

Events (10 events):
Event: 7.965 loading class org/apache/ibatis/scripting/xmltags/ForEachSqlNode
Event: 7.965 loading class org/apache/ibatis/scripting/xmltags/ForEachSqlNode done
Event: 7.969 loading class com/baomidou/mybatisplus/core/metadata/TableFieldInfo
Event: 7.969 loading class com/baomidou/mybatisplus/core/metadata/TableFieldInfo done
Event: 7.969 loading class com/baomidou/mybatisplus/core/metadata/TableInfo
Event: 7.969 loading class com/baomidou/mybatisplus/core/metadata/TableInfo done
Event: 7.970 loading class com/baomidou/mybatisplus/core/metadata/TableFieldInfo
Event: 7.970 loading class com/baomidou/mybatisplus/core/metadata/TableFieldInfo done
Event: 7.974 loading class org/apache/ibatis/scripting/xmltags/SetSqlNode
Event: 7.974 loading class org/apache/ibatis/scripting/xmltags/SetSqlNode done


Dynamic libraries:
0x00007ff7bd340000 - 0x00007ff7bd387000 	C:\Program Files\Java\jdk-11.0.7\bin\java.exe
0x00007ffce50b0000 - 0x00007ffce52a5000 	C:\Windows\SYSTEM32\ntdll.dll
0x00007ffce4ed0000 - 0x00007ffce4f8d000 	C:\Windows\System32\KERNEL32.DLL
0x00007ffce2c80000 - 0x00007ffce2f49000 	C:\Windows\System32\KERNELBASE.dll
0x00007ffce3bd0000 - 0x00007ffce3c7c000 	C:\Windows\System32\ADVAPI32.dll
0x00007ffce31d0000 - 0x00007ffce326e000 	C:\Windows\System32\msvcrt.dll
0x00007ffce4d60000 - 0x00007ffce4dfb000 	C:\Windows\System32\sechost.dll
0x00007ffce4300000 - 0x00007ffce442a000 	C:\Windows\System32\RPCRT4.dll
0x00007ffce3790000 - 0x00007ffce3930000 	C:\Windows\System32\USER32.dll
0x00007ffce2b50000 - 0x00007ffce2b72000 	C:\Windows\System32\win32u.dll
0x00007ffce44b0000 - 0x00007ffce44da000 	C:\Windows\System32\GDI32.dll
0x00007ffce27f0000 - 0x00007ffce28fb000 	C:\Windows\System32\gdi32full.dll
0x00007ffce2fa0000 - 0x00007ffce303d000 	C:\Windows\System32\msvcp_win.dll
0x00007ffce2b80000 - 0x00007ffce2c80000 	C:\Windows\System32\ucrtbase.dll
0x00007ffcc5270000 - 0x00007ffcc550a000 	C:\Windows\WinSxS\amd64_microsoft.windows.common-controls_6595b64144ccf1df_6.0.19041.1110_none_60b5254171f9507e\COMCTL32.dll
0x00007ffcda930000 - 0x00007ffcda93a000 	C:\Windows\SYSTEM32\VERSION.dll
0x00007ffce3e30000 - 0x00007ffce3e60000 	C:\Windows\System32\IMM32.DLL
0x00007ffcceb10000 - 0x00007ffcceb26000 	C:\Program Files\Java\jdk-11.0.7\bin\vcruntime140.dll
0x00007ffc765b0000 - 0x00007ffc7665a000 	C:\Program Files\Java\jdk-11.0.7\bin\msvcp140.dll
0x00007ffc6e340000 - 0x00007ffc6eea1000 	C:\Program Files\Java\jdk-11.0.7\bin\server\jvm.dll
0x00007ffce44a0000 - 0x00007ffce44a8000 	C:\Windows\System32\PSAPI.DLL
0x00007ffcca9e0000 - 0x00007ffcca9e9000 	C:\Windows\SYSTEM32\WSOCK32.dll
0x00007ffccb390000 - 0x00007ffccb3b7000 	C:\Windows\SYSTEM32\WINMM.dll
0x00007ffce3ab0000 - 0x00007ffce3b1b000 	C:\Windows\System32\WS2_32.dll
0x00007ffce10b0000 - 0x00007ffce10c2000 	C:\Windows\SYSTEM32\kernel.appcore.dll
0x00007ffcc7a30000 - 0x00007ffcc7a41000 	C:\Program Files\Java\jdk-11.0.7\bin\verify.dll
0x00007ffce0dd0000 - 0x00007ffce0fb4000 	C:\Windows\SYSTEM32\DBGHELP.DLL
0x00007ffcca1a0000 - 0x00007ffcca1cc000 	C:\Windows\SYSTEM32\dbgcore.DLL
0x00007ffce2900000 - 0x00007ffce2983000 	C:\Windows\System32\bcryptPrimitives.dll
0x00007ffc969e0000 - 0x00007ffc96a09000 	C:\Program Files\Java\jdk-11.0.7\bin\java.dll
0x00007ffcda2c0000 - 0x00007ffcda2ca000 	C:\Program Files\Java\jdk-11.0.7\bin\jimage.dll
0x00007ffcc94c0000 - 0x00007ffcc94f0000 	C:\Program Files\Java\jdk-11.0.7\bin\instrument.dll
0x00007ffcb19d0000 - 0x00007ffcb19e6000 	C:\Program Files\Java\jdk-11.0.7\bin\zip.dll
0x00007ffce4620000 - 0x00007ffce4d5f000 	C:\Windows\System32\SHELL32.dll
0x00007ffce0630000 - 0x00007ffce0dc1000 	C:\Windows\SYSTEM32\windows.storage.dll
0x00007ffce3e60000 - 0x00007ffce41b5000 	C:\Windows\System32\combase.dll
0x00007ffce2260000 - 0x00007ffce228c000 	C:\Windows\SYSTEM32\Wldp.dll
0x00007ffce3b20000 - 0x00007ffce3bce000 	C:\Windows\System32\SHCORE.dll
0x00007ffce45c0000 - 0x00007ffce4615000 	C:\Windows\System32\shlwapi.dll
0x00007ffce2730000 - 0x00007ffce274f000 	C:\Windows\SYSTEM32\profapi.dll
0x00007ffcb0bc0000 - 0x00007ffcb0bd9000 	C:\Program Files\Java\jdk-11.0.7\bin\net.dll
0x00007ffcd09d0000 - 0x00007ffcd0ada000 	C:\Windows\SYSTEM32\WINHTTP.dll
0x00007ffce1fc0000 - 0x00007ffce202a000 	C:\Windows\system32\mswsock.dll
0x00007ffca5200000 - 0x00007ffca5213000 	C:\Program Files\Java\jdk-11.0.7\bin\nio.dll
0x00007ffcc96a0000 - 0x00007ffcc96ba000 	C:\Program Files\JetBrains\IntelliJ IDEA 2021.1\bin\breakgen64.dll
0x00007ffcd0160000 - 0x00007ffcd026d000 	C:\Windows\SysWOW64\ierd_tgp_lsp64.dll
0x00007ffce41c0000 - 0x00007ffce42ea000 	C:\Windows\System32\ole32.dll
0x00007ffce1ca0000 - 0x00007ffce1d6c000 	C:\Windows\SYSTEM32\DNSAPI.dll
0x00007ffce1c60000 - 0x00007ffce1c9b000 	C:\Windows\SYSTEM32\IPHLPAPI.DLL
0x00007ffce4430000 - 0x00007ffce4438000 	C:\Windows\System32\NSI.dll
0x00000000535c0000 - 0x00000000535e6000 	C:\Program Files\Bonjour\mdnsNSP.dll
0x00007ffcda760000 - 0x00007ffcda76a000 	C:\Windows\System32\rasadhlp.dll
0x00007ffcd08f0000 - 0x00007ffcd096f000 	C:\Windows\System32\fwpuclnt.dll
0x00007ffce3040000 - 0x00007ffce3067000 	C:\Windows\System32\bcrypt.dll
0x00007ffccee00000 - 0x00007ffccee09000 	C:\Program Files\Java\jdk-11.0.7\bin\management.dll
0x00007ffccec00000 - 0x00007ffccec0c000 	C:\Program Files\Java\jdk-11.0.7\bin\management_ext.dll
0x00007ffce21b0000 - 0x00007ffce21c8000 	C:\Windows\SYSTEM32\CRYPTSP.dll
0x00007ffce18f0000 - 0x00007ffce1924000 	C:\Windows\system32\rsaenh.dll
0x00007ffce26f0000 - 0x00007ffce271e000 	C:\Windows\SYSTEM32\USERENV.dll
0x00007ffce21a0000 - 0x00007ffce21ac000 	C:\Windows\SYSTEM32\CRYPTBASE.dll
0x00007ffcda770000 - 0x00007ffcda787000 	C:\Windows\SYSTEM32\dhcpcsvc6.DLL
0x00007ffcda420000 - 0x00007ffcda43d000 	C:\Windows\SYSTEM32\dhcpcsvc.DLL
0x00007ffcc2740000 - 0x00007ffcc2757000 	C:\Windows\system32\napinsp.dll
0x00007ffcc2720000 - 0x00007ffcc273b000 	C:\Windows\system32\pnrpnsp.dll
0x00007ffcc2700000 - 0x00007ffcc2715000 	C:\Windows\system32\wshbth.dll
0x00007ffcddc00000 - 0x00007ffcddc1d000 	C:\Windows\system32\NLAapi.dll
0x00007ffcc26e0000 - 0x00007ffcc26f2000 	C:\Windows\System32\winrnr.dll

dbghelp: loaded successfully - version: 4.0.5 - missing functions: none
symbol engine: initialized successfully - sym options: 0x614 - pdb path: .;C:\Program Files\Java\jdk-11.0.7\bin;C:\Windows\SYSTEM32;C:\Windows\WinSxS\amd64_microsoft.windows.common-controls_6595b64144ccf1df_6.0.19041.1110_none_60b5254171f9507e;C:\Program Files\Java\jdk-11.0.7\bin\server;C:\Program Files\JetBrains\IntelliJ IDEA 2021.1\bin;C:\Windows\SysWOW64;C:\Program Files\Bonjour

VM Arguments:
jvm_args: -XX:TieredStopAtLevel=1 -Xverify:none -Dspring.output.ansi.enabled=always -javaagent:C:\Program Files\JetBrains\IntelliJ IDEA 2021.1\lib\idea_rt.jar=62565:C:\Program Files\JetBrains\IntelliJ IDEA 2021.1\bin -Dcom.sun.management.jmxremote -Dspring.jmx.enabled=true -Dspring.liveBeansView.mbeanDomain -Dspring.application.admin.enabled=true -Dfile.encoding=UTF-8 
java_command: icu.junyao.eduUserCenter.UcenterApplication
java_class_path (initial): D:\IdeaProjects\junyao_edu\service\service_uCenter\target\classes;D:\maven\repository\javax\xml\bind\jaxb-api\2.3.0\jaxb-api-2.3.0.jar;D:\maven\repository\com\sun\xml\bind\jaxb-impl\2.3.0\jaxb-impl-2.3.0.jar;D:\maven\repository\com\sun\xml\bind\jaxb-core\2.3.0\jaxb-core-2.3.0.jar;D:\maven\repository\javax\activation\activation\1.1.1\activation-1.1.1.jar;D:\maven\repository\com\alibaba\cloud\spring-cloud-starter-alibaba-sentinel\2021.1\spring-cloud-starter-alibaba-sentinel-2021.1.jar;D:\maven\repository\com\alibaba\csp\sentinel-transport-simple-http\1.8.0\sentinel-transport-simple-http-1.8.0.jar;D:\maven\repository\com\alibaba\csp\sentinel-transport-common\1.8.0\sentinel-transport-common-1.8.0.jar;D:\maven\repository\com\alibaba\csp\sentinel-datasource-extension\1.8.0\sentinel-datasource-extension-1.8.0.jar;D:\maven\repository\com\alibaba\fastjson\1.2.76\fastjson-1.2.76.jar;D:\maven\repository\com\alibaba\csp\sentinel-annotation-aspectj\1.8.0\sentinel-annotation-aspectj-1.8.0.jar;D:\maven\repository\com\alibaba\csp\sentinel-core\1.8.0\sentinel-core-1.8.0.jar;D:\maven\repository\org\aspectj\aspectjrt\1.9.6\aspectjrt-1.9.6.jar;D:\maven\repository\org\aspectj\aspectjweaver\1.9.6\aspectjweaver-1.9.6.jar;D:\maven\repository\com\alibaba\cloud\spring-cloud-circuitbreaker-sentinel\2021.1\spring-cloud-circuitbreaker-sentinel-2021.1.jar;D:\maven\repository\com\alibaba\csp\sentinel-reactor-adapter\1.8.0\sentinel-reactor-adapter-1.8.0.jar;D:\maven\repository\com\alibaba\csp\sentinel-spring-webflux-adapter\1.8.0\sentinel-spring-webflux-adapter-1.8.0.jar;D:\maven\repository\com\alibaba\csp\sentinel-spring-webmvc-adapter\1.8.0\sentinel-spring-webmvc-adapter-1.8.0.jar;D:\maven\repository\com\alibaba\csp\sentinel-parameter-flow-control\1.8.0\sentinel-parameter-flow-control-1.8.0.jar;D:\maven\repository\com\googlecode\concurrentlinkedhashmap\concurrentlinkedhashmap-lru\1.4.2\concurrentlinkedhashmap-lru-1.4.2.jar;D:\maven\repository\com\alibaba\csp\sentinel
Launcher Type: SUN_STANDARD

[Global flags]
     bool BytecodeVerificationLocal                = false                                     {product} {command line}
     bool BytecodeVerificationRemote               = false                                     {product} {command line}
     intx CICompilerCount                          = 4                                         {product} {ergonomic}
     uint ConcGCThreads                            = 3                                         {product} {ergonomic}
     uint G1ConcRefinementThreads                  = 10                                        {product} {ergonomic}
   size_t G1HeapRegionSize                         = 1048576                                   {product} {ergonomic}
    uintx GCDrainStackTargetSize                   = 64                                        {product} {ergonomic}
   size_t InitialHeapSize                          = 266338304                                 {product} {ergonomic}
     bool ManagementServer                         = true                                      {product} {command line}
   size_t MarkStackSize                            = 4194304                                   {product} {ergonomic}
   size_t MaxHeapSize                              = 4255121408                                {product} {ergonomic}
   size_t MaxNewSize                               = 2552233984                                {product} {ergonomic}
   size_t MinHeapDeltaBytes                        = 1048576                                   {product} {ergonomic}
    uintx NonNMethodCodeHeapSize                   = 7549744                                {pd product} {ergonomic}
    uintx NonProfiledCodeHeapSize                  = 244108496                              {pd product} {ergonomic}
    uintx ProfiledCodeHeapSize                     = 0                                      {pd product} {ergonomic}
    uintx ReservedCodeCacheSize                    = 251658240                              {pd product} {ergonomic}
     bool SegmentedCodeCache                       = true                                      {product} {ergonomic}
     intx TieredStopAtLevel                        = 1                                         {product} {command line}
     bool UseCompressedClassPointers               = true                                 {lp64_product} {ergonomic}
     bool UseCompressedOops                        = true                                 {lp64_product} {ergonomic}
     bool UseG1GC                                  = true                                      {product} {ergonomic}
     bool UseLargePagesIndividualAllocation        = false                                  {pd product} {ergonomic}

Logging:
Log output configuration:
 #0: stdout all=warning uptime,level,tags
 #1: stderr all=off uptime,level,tags

Environment Variables:
JAVA_HOME=C:\Program Files\Java\jdk-11.0.7
PATH=D:\vmware\bin\;"D:\apache-maven-3.8.1-bin\apache-maven-3.8.1\bin";C:\Program Files\Java\jdk-11.0.7\bin;C:\Windows\system32;C:\Windows;C:\Windows\System32\Wbem;C:\Windows\System32\WindowsPowerShell\v1.0\;C:\Windows\System32\OpenSSH\;D:\xshell\Xshell 7\;D:\xshell\Xftp 7\;C:\Program Files\MySQL\MySQL Server 8.0\bin;C:\Program Files\NVIDIA Corporation\NVIDIA NvDLISR;D:\Git\cmd;D:\nodeJs\;D:\redis\;C:\Program Files\MySQL\MySQL Shell 8.0\bin\;C:\Users\wu\AppData\Local\Microsoft\WindowsApps;C:\Program Files\Bandizip\;D:\Microsoft VS Code\bin;C:\Users\wu\AppData\Roaming\npm;D:\Fiddler;C:\Program Files\JetBrains\IntelliJ IDEA 2020.3.3\bin;
USERNAME=wu
OS=Windows_NT
PROCESSOR_IDENTIFIER=Intel64 Family 6 Model 158 Stepping 10, GenuineIntel



---------------  S Y S T E M  ---------------

OS: Windows 10 , 64 bit Build 19041 (10.0.19041.1023)

CPU:total 12 (initial active 12) (6 cores per cpu, 2 threads per core) family 6 model 158 stepping 10, cmov, cx8, fxsr, mmx, sse, sse2, sse3, ssse3, sse4.1, sse4.2, popcnt, avx, avx2, aes, clmul, erms, 3dnowpref, lzcnt, ht, tsc, tscinvbit, bmi1, bmi2, adx, fma

Memory: 4k page, system-wide physical 16231M (399M free)
TotalPageFile size 31409M (AvailPageFile size 19M)
current process WorkingSet (physical memory assigned to process): 297M, peak: 297M
current process commit charge ("private bytes"): 420M, peak: 421M

vm_info: Java HotSpot(TM) 64-Bit Server VM (11.0.7+8-LTS) for windows-amd64 JRE (11.0.7+8-LTS), built on Mar 12 2020 02:04:32 by "mach5one" with MS VC++ 15.5 (VS2017)

END.
