2021-08-31 18:08:42.195 [main] WARN  c.a.cloud.nacos.client.NacosPropertySourceBuilder - Ignore the empty nacos configuration and get it based on dataId[edu] & group[DEFAULT_GROUP]
2021-08-31 18:08:42.202 [main] WARN  c.a.cloud.nacos.client.NacosPropertySourceBuilder - Ignore the empty nacos configuration and get it based on dataId[edu.properties] & group[DEFAULT_GROUP]
2021-08-31 18:08:44.725 [main] WARN  o.s.cloud.openfeign.FeignClientFactoryBean - The provided URL is empty. Will try picking an instance via load-balancing.
2021-08-31 18:08:45.734 [main] WARN  o.s.cloud.openfeign.FeignClientFactoryBean - The provided URL is empty. Will try picking an instance via load-balancing.
2021-08-31 18:08:45.825 [main] WARN  o.s.cloud.openfeign.FeignClientFactoryBean - The provided URL is empty. Will try picking an instance via load-balancing.
2021-08-31 18:08:47.606 [main] WARN  o.s.c.l.c.LoadBalancerCacheAutoConfiguration$LoadBalancerCaffeineWarnLogger - Spring Cloud LoadBalancer is currently working with the default cache. You can switch to using Caffeine cache, by adding it and org.springframework.cache.caffeine.CaffeineCacheManager to the classpath.
2021-08-31 18:15:55.315 [com.alibaba.nacos.client.naming.updater] WARN  com.alibaba.nacos.client.naming - [NA] failed to update serviceName: DEFAULT_GROUP@@service-edu
com.alibaba.nacos.api.exception.NacosException: failed to req API:/nacos/v1/ns/instance/list after all servers([localhost:8848]) tried: java.net.ConnectException: Connection refused: connect
	at com.alibaba.nacos.client.naming.net.NamingProxy.reqApi(NamingProxy.java:556)
	at com.alibaba.nacos.client.naming.net.NamingProxy.reqApi(NamingProxy.java:498)
	at com.alibaba.nacos.client.naming.net.NamingProxy.reqApi(NamingProxy.java:493)
	at com.alibaba.nacos.client.naming.net.NamingProxy.queryList(NamingProxy.java:407)
	at com.alibaba.nacos.client.naming.core.HostReactor.updateService(HostReactor.java:378)
	at com.alibaba.nacos.client.naming.core.HostReactor$UpdateTask.run(HostReactor.java:460)
	at java.base/java.util.concurrent.Executors$RunnableAdapter.call(Executors.java:515)
	at java.base/java.util.concurrent.FutureTask.run(FutureTask.java:264)
	at java.base/java.util.concurrent.ScheduledThreadPoolExecutor$ScheduledFutureTask.run(ScheduledThreadPoolExecutor.java:304)
	at java.base/java.util.concurrent.ThreadPoolExecutor.runWorker(ThreadPoolExecutor.java:1128)
	at java.base/java.util.concurrent.ThreadPoolExecutor$Worker.run(ThreadPoolExecutor.java:628)
	at java.base/java.lang.Thread.run(Thread.java:834)
